[['1', '3', '4'], ['2', '5', '3', '4'], ['3', '5'], ['4', '3'], ['5']]
True
0
--after:
[['1', '3', '4', '5'], ['2', '5', '3', '4'], ['3', '5'], ['4', '3', '5'], ['5']]
--relation:
False
False
True
False
False
--infimum:
3
4
True
--presence test:
True
True
False

------------------------

s = ([91m[1mo[0m|[1mo[0m|[1mo[0m|[1mo[0m|[1mo[0m|[1mo[0m|[1mo[0m|[1mo[0m|[1mo[0m|[1mo[0m|[1mo[0m|[1mo[0m|[1mo[0m|[1mo[0m|[1mo[0m|[1mo[0m|[1mo[0m|[1mo[0m|[1mo[0m|[1mo[0m)
colors = ['1', '2', '1', '2', '1', '2', '1', '2', '1', '2', '1', '?', '1', '2', '1', '2', '1', '2', '1', '2']
s1 = ([91m[1mo[0m[91m[1mo[0m[91m[1mo[0m|[1mo[0m[1mo[0m[1mo[0m|[1mo[0m[1mo[0m[1mo[0m|[1mo[0m|oo|[1mo[0m[1mo[0m|[1mo[0m|[1mo[0m[1mo[0m[1mo[0m|[1mo[0m[1mo[0m)
topology = [(0, 2), (3, 5), (6, 8), (9, 9), (12, 13), (14, 14), (15, 17), (18, 19)]
colors = ['4', '4', '4', '2', '4', '1', '4', '4']
s2 = ([91m[1mo[0m[91m[1mo[0m[91m[1mo[0m|[1mo[0m[1mo[0m[1mo[0m|[1mo[0m[1mo[0m[1mo[0m|[1mo[0m|oo|[1mo[0m[1mo[0m|[1mo[0m|[1mo[0m|[1mo[0m|[1mo[0m|[1mo[0m|[1mo[0m)
s2 = ([91m[1mo[0m[91m[1mo[0m[91m[1mo[0m|[1mo[0m[1mo[0m[1mo[0m|[1mo[0m[1mo[0m[1mo[0m|[1mo[0m|oo|[1mo[0m[1mo[0m|o|[1mo[0m|[1mo[0m|[1mo[0m|[1mo[0m|[1mo[0m)
s2 = ([91m[1mo[0m[91m[1mo[0m[91m[1mo[0m|[1mo[0m[1mo[0m[1mo[0m|[1mo[0m[1mo[0m[1mo[0m|[1mo[0m|oo|[1mo[0m[1mo[0m|o|[1mo[0m|[1mo[0m|[1mo[0m|[1mo[0m|[1mo[0m|oooo)
colors = ['4', '4', '4', '2', '4', '2', '1', '2', '1', '2']
s3 = ([91m[1mo[0m[91m[1mo[0m[91m[1mo[0m|[1mo[0m[1mo[0m[1mo[0m|[1mo[0m[1mo[0m[1mo[0m|[1mo[0m|oo|[1mo[0m[1mo[0m|[1mo[0m|[1mo[0m|[1mo[0m|[1mo[0m|[1mo[0m|[1mo[0m)
s3 = ([91m[1mo[0m[91m[1mo[0m[91m[1mo[0m|ooo|[1mo[0m[1mo[0m[1mo[0m|[1mo[0m|oo|[1mo[0m[1mo[0m|oo|[1mo[0m|o|[1mo[0m|o)
s3 = ([91m[1mo[0m[91m[1mo[0m[91m[1mo[0m|ooo|[1mo[0m[1mo[0m[1mo[0m|[1mo[0m|oo|[1mo[0m[1mo[0m|oo|[1mo[0m|o|[1mo[0m|ooooo|[1mo[0m)
colors= ['4', '4', '2', '4', '1', '1', '5']
True
s = ([91m[1mo[0m[91m[1mo[0m[91m[1mo[0m|[1mo[0m[1mo[0m[1mo[0m|[1mo[0m[1mo[0m[1mo[0m|[1mo[0m|oo|[1mo[0m[1mo[0m|o|[1mo[0m|[1mo[0m|[1mo[0m|[1mo[0m|[1mo[0m|oooo)
t = ([1mo[0m[1mo[0m[1mo[0m|ooo|[1mo[0m[1mo[0m[1mo[0m|[1mo[0m|oo|[1mo[0m[1mo[0m|oo|[1mo[0m|o|[1mo[0m|ooooo|[91m[1mo[0m)
f0 = [0, -1, 1, 2, 3, -1, 4, -1, 5, -1]

------------------------

True
False
s = ([91m[1mo[0m|[1mo[0m|[1mo[0m[1mo[0m|[1mo[0m[1mo[0m|[1mo[0m[1mo[0m|[1mo[0m|[1mo[0m|[1mo[0m|[1mo[0m|[1mo[0m|[1mo[0m|[1mo[0m|[1mo[0m|[1mo[0m|[1mo[0m)
t = ([91m[1mo[0m|[1mo[0m|[1mo[0m[1mo[0m[1mo[0m|[1mo[0m[1mo[0m[1mo[0m|[1mo[0m[1mo[0m[1mo[0m|[1mo[0m|[1mo[0m|[1mo[0m|[1mo[0m|[1mo[0m[1mo[0m|[1mo[0m[1mo[0m|[1mo[0m)
0) well-defined = True
f1 = [0, 1, 2, 3, 5, 6, 8, 9, 10, 11, 12, 13, 14, 15, 16, 17, 18, 19]
f0 = [0, 1, 2, 3, 4, 4, 5, 6, 7, 8, 9, 9, 10, 10, 11]
1) well-defined = True
f1 = [0, 1, 2, 3, 5, 7, 8, 9, 10, 11, 12, 13, 14, 15, 16, 17, 18, 19]
f0 = [0, 1, 2, 3, 4, 4, 5, 6, 7, 8, 9, 9, 10, 10, 11]
2) well-defined = True
f1 = [0, 1, 2, 3, 6, 7, 8, 9, 10, 11, 12, 13, 14, 15, 16, 17, 18, 19]
f0 = [0, 1, 2, 3, 4, 4, 5, 6, 7, 8, 9, 9, 10, 10, 11]
3) well-defined = True
f1 = [0, 1, 2, 4, 5, 6, 8, 9, 10, 11, 12, 13, 14, 15, 16, 17, 18, 19]
f0 = [0, 1, 2, 3, 4, 4, 5, 6, 7, 8, 9, 9, 10, 10, 11]
4) well-defined = True
f1 = [0, 1, 2, 4, 5, 7, 8, 9, 10, 11, 12, 13, 14, 15, 16, 17, 18, 19]
f0 = [0, 1, 2, 3, 4, 4, 5, 6, 7, 8, 9, 9, 10, 10, 11]
5) well-defined = True
f1 = [0, 1, 2, 4, 6, 7, 8, 9, 10, 11, 12, 13, 14, 15, 16, 17, 18, 19]
f0 = [0, 1, 2, 3, 4, 4, 5, 6, 7, 8, 9, 9, 10, 10, 11]
6) well-defined = True
f1 = [0, 1, 3, 4, 5, 6, 8, 9, 10, 11, 12, 13, 14, 15, 16, 17, 18, 19]
f0 = [0, 1, 2, 3, 4, 4, 5, 6, 7, 8, 9, 9, 10, 10, 11]
7) well-defined = True
f1 = [0, 1, 3, 4, 5, 7, 8, 9, 10, 11, 12, 13, 14, 15, 16, 17, 18, 19]
f0 = [0, 1, 2, 3, 4, 4, 5, 6, 7, 8, 9, 9, 10, 10, 11]
8) well-defined = True
f1 = [0, 1, 3, 4, 6, 7, 8, 9, 10, 11, 12, 13, 14, 15, 16, 17, 18, 19]
f0 = [0, 1, 2, 3, 4, 4, 5, 6, 7, 8, 9, 9, 10, 10, 11]
9) well-defined = True
f1 = [0, 2, 3, 4, 5, 6, 8, 9, 10, 11, 12, 13, 14, 15, 16, 17, 18, 19]
f0 = [0, 2, 2, 3, 4, 4, 5, 6, 7, 8, 9, 9, 10, 10, 11]
10) well-defined = True
f1 = [0, 2, 3, 4, 5, 7, 8, 9, 10, 11, 12, 13, 14, 15, 16, 17, 18, 19]
f0 = [0, 2, 2, 3, 4, 4, 5, 6, 7, 8, 9, 9, 10, 10, 11]
11) well-defined = True
f1 = [0, 2, 3, 4, 6, 7, 8, 9, 10, 11, 12, 13, 14, 15, 16, 17, 18, 19]
f0 = [0, 2, 2, 3, 4, 4, 5, 6, 7, 8, 9, 9, 10, 10, 11]
12) well-defined = True
f1 = [1, 2, 3, 4, 5, 6, 8, 9, 10, 11, 12, 13, 14, 15, 16, 17, 18, 19]
f0 = [1, 2, 2, 3, 4, 4, 5, 6, 7, 8, 9, 9, 10, 10, 11]
13) well-defined = True
f1 = [1, 2, 3, 4, 5, 7, 8, 9, 10, 11, 12, 13, 14, 15, 16, 17, 18, 19]
f0 = [1, 2, 2, 3, 4, 4, 5, 6, 7, 8, 9, 9, 10, 10, 11]
14) well-defined = True
f1 = [1, 2, 3, 4, 6, 7, 8, 9, 10, 11, 12, 13, 14, 15, 16, 17, 18, 19]
f0 = [1, 2, 2, 3, 4, 4, 5, 6, 7, 8, 9, 9, 10, 10, 11]

------------------------

[['1', '3', '4', '5'], ['2', '5', '3', '4'], ['3', '5'], ['4', '3', '5'], ['5']]
['-', 'A', 'C', 'G', 'T']
-
5
['4', '4', '4', '4', '4']
([91m[1mo[0m|[1mo[0m|[1mo[0m|[1mo[0m|[1mo[0m|o|[1mo[0m|[1mo[0m|[1mo[0m|[1mo[0m|[1mo[0m)

------------------------


Database

['A', 'B', 'C', 'D', 'K']
0) color: ['1', '2', True, '1', '1']
([91m[1mo[0m|[1mo[0m|[1mo[0m|[1mo[0m|[1mo[0m|[1mo[0m|[1mo[0m|[1mo[0m|[1mo[0m|[1mo[0m|[1mo[0m|[1mo[0m|[1mo[0m|[1mo[0m|[1mo[0m|[1mo[0m|[1mo[0m|[1mo[0m|[1mo[0m|[1mo[0m|[1mo[0m|[1mo[0m|[1mo[0m|[1mo[0m|[1mo[0m|[1mo[0m|[1mo[0m|[1mo[0m|[1mo[0m|[1mo[0m|[1mo[0m|[1mo[0m|[1mo[0m|[1mo[0m|[1mo[0m|[1mo[0m|[1mo[0m|[1mo[0m|[1mo[0m)
ACTCGATCTCTG?TCGATCGATCGCCTATCGGATCGATC
ACTCTAT?TCTATCC-ACTCATCACCTACTATCTCGAAA
masked
ACTATTTA?TTTC----TTTTCTACCGGGCTGGGGGGGG
ACTATCGATCTTTAGCTAGTTCTACC-??????----GA

1) color: ['1', '2', True, '1', True]
([91m[1mo[0m|[1mo[0m|[1mo[0m|[1mo[0m|[1mo[0m|[1mo[0m|[1mo[0m|[1mo[0m|[1mo[0m|[1mo[0m|[1mo[0m|[1mo[0m|[1mo[0m|[1mo[0m|[1mo[0m|[1mo[0m|[1mo[0m|[1mo[0m|[1mo[0m|[1mo[0m|[1mo[0m|[1mo[0m|[1mo[0m|[1mo[0m|[1mo[0m|[1mo[0m|[1mo[0m|[1mo[0m|[1mo[0m|[1mo[0m|[1mo[0m|[1mo[0m|[1mo[0m|[1mo[0m|[1mo[0m|[1mo[0m|[1mo[0m|[1mo[0m|[1mo[0m|[1mo[0m)
ACTCGATCGGATC-AT??CGATCGCCTATCGGATCGATCG
ACTCC?CCTA--CTGGGCTGCTCACCTACTATCTCGAAAG
masked
ACTATT-??T--AC--CTTTTCTACCGGGCTTTTCGAAAA
masked


Image

base[0]
([91m[1mo[0m|[1mo[0m|[1mo[0m|[1mo[0m|[1mo[0m|[1mo[0m|[1mo[0m|[1mo[0m|[1mo[0m|[1mo[0m|[1mo[0m|[1mo[0m|[1mo[0m|[1mo[0m|[1mo[0m|[1mo[0m|[1mo[0m|[1mo[0m|[1mo[0m|[1mo[0m|[1mo[0m|[1mo[0m|[1mo[0m|[1mo[0m|[1mo[0m|[1mo[0m|[1mo[0m|[1mo[0m|[1mo[0m|[1mo[0m|[1mo[0m|[1mo[0m|[1mo[0m|[1mo[0m|[1mo[0m|[1mo[0m|[1mo[0m|[1mo[0m|[1mo[0m)
ACTCGATCTCTG?TCGATCGATCGCCTATCGGATCGATC
ACTCTAT?TCTATCC-ACTCATCACCTACTATCTCGAAA
masked
ACTATTTA?TTTC----TTTTCTACCGGGCTGGGGGGGG
ACTATCGATCTTTAGCTAGTTCTACC-??????----GA

base[1]
([91m[1mo[0m|[1mo[0m|[1mo[0m|[1mo[0m|[1mo[0m|[1mo[0m|[1mo[0m|[1mo[0m|[1mo[0m|[1mo[0m|[1mo[0m|[1mo[0m|[1mo[0m|[1mo[0m|[1mo[0m|[1mo[0m|[1mo[0m|[1mo[0m|[1mo[0m|[1mo[0m|[1mo[0m|[1mo[0m|[1mo[0m|[1mo[0m|[1mo[0m|[1mo[0m|[1mo[0m|[1mo[0m|[1mo[0m|[1mo[0m|[1mo[0m|[1mo[0m|[1mo[0m|[1mo[0m|[1mo[0m|[1mo[0m|[1mo[0m|[1mo[0m|[1mo[0m|[1mo[0m)
ACTCGATCGGATC-AT??CGATCGCCTATCGGATCGATCG
ACTCC?CCTA--CTGGGCTGCTCACCTACTATCTCGAAAG
masked
ACTATT-??T--AC--CTTTTCTACCGGGCTTTTCGAAAA
masked


Extending category

0
id
[0, 1, 2, 3, 4, 5, 6, 7, 8, 9, 10, 11, 12, 13, 14, 15, 16, 17, 18, 19, 20, 21, 22, 23, 24, 25, 26, 27, 28, 29, 30, 31, 32, 33, 34, 35, 36, 37, 38]
1
[0, 1, 2, 3, 4, 5, 6, 7, 8, 9, 10, 11, 12, 13, 14, 15, 16, 17, 18, 19, 20, 21, 22, 23, 24, 25, 26, 27, 28, 29, 30, 31, 32, 33, 34, 35, 36, 37, 38]
[0, 1, 2, 3, 4, 5, 6, 7, 8, 9, 10, 11, 12, 13, 14, 15, 16, 17, 18, 19, 20, 21, 22, 23, 24, 25, 26, 27, 28, 29, 30, 31, 32, 33, 34, 35, 36, 37, 38]
1
[0, 1, 2, 3, 4, 5, 6, 7, 8, 9, 10, 11, 12, 13, 14, 15, 16, 17, 18, 19, 20, 21, 22, 23, 24, 25, 26, 27, 28, 29, 30, 31, 32, 33, 34, 35, 36, 37, 39]
[0, 1, 2, 3, 4, 5, 6, 7, 8, 9, 10, 11, 12, 13, 14, 15, 16, 17, 18, 19, 20, 21, 22, 23, 24, 25, 26, 27, 28, 29, 30, 31, 32, 33, 34, 35, 36, 37, 39]
1
[0, 1, 2, 3, 4, 5, 6, 7, 8, 9, 10, 11, 12, 13, 14, 15, 16, 17, 18, 19, 20, 21, 22, 23, 24, 25, 26, 27, 28, 29, 30, 31, 32, 33, 34, 35, 36, 38, 39]
[0, 1, 2, 3, 4, 5, 6, 7, 8, 9, 10, 11, 12, 13, 14, 15, 16, 17, 18, 19, 20, 21, 22, 23, 24, 25, 26, 27, 28, 29, 30, 31, 32, 33, 34, 35, 36, 38, 39]
1
[0, 1, 2, 3, 4, 5, 6, 7, 8, 9, 10, 11, 12, 13, 14, 15, 16, 17, 18, 19, 20, 21, 22, 23, 24, 25, 26, 27, 28, 29, 30, 31, 32, 33, 34, 35, 37, 38, 39]
[0, 1, 2, 3, 4, 5, 6, 7, 8, 9, 10, 11, 12, 13, 14, 15, 16, 17, 18, 19, 20, 21, 22, 23, 24, 25, 26, 27, 28, 29, 30, 31, 32, 33, 34, 35, 37, 38, 39]
1
[0, 1, 2, 3, 4, 5, 6, 7, 8, 9, 10, 11, 12, 13, 14, 15, 16, 17, 18, 19, 20, 21, 22, 23, 24, 25, 26, 27, 28, 29, 30, 31, 32, 33, 34, 36, 37, 38, 39]
[0, 1, 2, 3, 4, 5, 6, 7, 8, 9, 10, 11, 12, 13, 14, 15, 16, 17, 18, 19, 20, 21, 22, 23, 24, 25, 26, 27, 28, 29, 30, 31, 32, 33, 34, 36, 37, 38, 39]
1
[0, 1, 2, 3, 4, 5, 6, 7, 8, 9, 10, 11, 12, 13, 14, 15, 16, 17, 18, 19, 20, 21, 22, 23, 24, 25, 26, 27, 28, 29, 30, 31, 32, 33, 35, 36, 37, 38, 39]
[0, 1, 2, 3, 4, 5, 6, 7, 8, 9, 10, 11, 12, 13, 14, 15, 16, 17, 18, 19, 20, 21, 22, 23, 24, 25, 26, 27, 28, 29, 30, 31, 32, 33, 35, 36, 37, 38, 39]
1
[0, 1, 2, 3, 4, 5, 6, 7, 8, 9, 10, 11, 12, 13, 14, 15, 16, 17, 18, 19, 20, 21, 22, 23, 24, 25, 26, 27, 28, 29, 30, 31, 32, 34, 35, 36, 37, 38, 39]
[0, 1, 2, 3, 4, 5, 6, 7, 8, 9, 10, 11, 12, 13, 14, 15, 16, 17, 18, 19, 20, 21, 22, 23, 24, 25, 26, 27, 28, 29, 30, 31, 32, 34, 35, 36, 37, 38, 39]
1
[0, 1, 2, 3, 4, 5, 6, 7, 8, 9, 10, 11, 12, 13, 14, 15, 16, 17, 18, 19, 20, 21, 22, 23, 24, 25, 26, 27, 28, 29, 30, 31, 33, 34, 35, 36, 37, 38, 39]
[0, 1, 2, 3, 4, 5, 6, 7, 8, 9, 10, 11, 12, 13, 14, 15, 16, 17, 18, 19, 20, 21, 22, 23, 24, 25, 26, 27, 28, 29, 30, 31, 33, 34, 35, 36, 37, 38, 39]
1
[0, 1, 2, 3, 4, 5, 6, 7, 8, 9, 10, 11, 12, 13, 14, 15, 16, 17, 18, 19, 20, 21, 22, 23, 24, 25, 26, 27, 28, 29, 30, 32, 33, 34, 35, 36, 37, 38, 39]
[0, 1, 2, 3, 4, 5, 6, 7, 8, 9, 10, 11, 12, 13, 14, 15, 16, 17, 18, 19, 20, 21, 22, 23, 24, 25, 26, 27, 28, 29, 30, 32, 33, 34, 35, 36, 37, 38, 39]
1
[0, 1, 2, 3, 4, 5, 6, 7, 8, 9, 10, 11, 12, 13, 14, 15, 16, 17, 18, 19, 20, 21, 22, 23, 24, 25, 26, 27, 28, 29, 31, 32, 33, 34, 35, 36, 37, 38, 39]
[0, 1, 2, 3, 4, 5, 6, 7, 8, 9, 10, 11, 12, 13, 14, 15, 16, 17, 18, 19, 20, 21, 22, 23, 24, 25, 26, 27, 28, 29, 31, 32, 33, 34, 35, 36, 37, 38, 39]
1
[0, 1, 2, 3, 4, 5, 6, 7, 8, 9, 10, 11, 12, 13, 14, 15, 16, 17, 18, 19, 20, 21, 22, 23, 24, 25, 26, 27, 28, 30, 31, 32, 33, 34, 35, 36, 37, 38, 39]
[0, 1, 2, 3, 4, 5, 6, 7, 8, 9, 10, 11, 12, 13, 14, 15, 16, 17, 18, 19, 20, 21, 22, 23, 24, 25, 26, 27, 28, 30, 31, 32, 33, 34, 35, 36, 37, 38, 39]
1
[0, 1, 2, 3, 4, 5, 6, 7, 8, 9, 10, 11, 12, 13, 14, 15, 16, 17, 18, 19, 20, 21, 22, 23, 24, 25, 26, 27, 29, 30, 31, 32, 33, 34, 35, 36, 37, 38, 39]
[0, 1, 2, 3, 4, 5, 6, 7, 8, 9, 10, 11, 12, 13, 14, 15, 16, 17, 18, 19, 20, 21, 22, 23, 24, 25, 26, 27, 29, 30, 31, 32, 33, 34, 35, 36, 37, 38, 39]
1
[0, 1, 2, 3, 4, 5, 6, 7, 8, 9, 10, 11, 12, 13, 14, 15, 16, 17, 18, 19, 20, 21, 22, 23, 24, 25, 26, 28, 29, 30, 31, 32, 33, 34, 35, 36, 37, 38, 39]
[0, 1, 2, 3, 4, 5, 6, 7, 8, 9, 10, 11, 12, 13, 14, 15, 16, 17, 18, 19, 20, 21, 22, 23, 24, 25, 26, 28, 29, 30, 31, 32, 33, 34, 35, 36, 37, 38, 39]
1
[0, 1, 2, 3, 4, 5, 6, 7, 8, 9, 10, 11, 12, 13, 14, 15, 16, 17, 18, 19, 20, 21, 22, 23, 24, 25, 27, 28, 29, 30, 31, 32, 33, 34, 35, 36, 37, 38, 39]
[0, 1, 2, 3, 4, 5, 6, 7, 8, 9, 10, 11, 12, 13, 14, 15, 16, 17, 18, 19, 20, 21, 22, 23, 24, 25, 27, 28, 29, 30, 31, 32, 33, 34, 35, 36, 37, 38, 39]
1
[0, 1, 2, 3, 4, 5, 6, 7, 8, 9, 10, 11, 12, 13, 14, 15, 16, 17, 18, 19, 20, 21, 22, 23, 24, 26, 27, 28, 29, 30, 31, 32, 33, 34, 35, 36, 37, 38, 39]
[0, 1, 2, 3, 4, 5, 6, 7, 8, 9, 10, 11, 12, 13, 14, 15, 16, 17, 18, 19, 20, 21, 22, 23, 24, 26, 27, 28, 29, 30, 31, 32, 33, 34, 35, 36, 37, 38, 39]
1
[0, 1, 2, 3, 4, 5, 6, 7, 8, 9, 10, 11, 12, 13, 14, 15, 16, 17, 18, 19, 20, 21, 22, 23, 25, 26, 27, 28, 29, 30, 31, 32, 33, 34, 35, 36, 37, 38, 39]
[0, 1, 2, 3, 4, 5, 6, 7, 8, 9, 10, 11, 12, 13, 14, 15, 16, 17, 18, 19, 20, 21, 22, 23, 25, 26, 27, 28, 29, 30, 31, 32, 33, 34, 35, 36, 37, 38, 39]
1
[0, 1, 2, 3, 4, 5, 6, 7, 8, 9, 10, 11, 12, 13, 14, 15, 16, 17, 18, 19, 20, 21, 22, 24, 25, 26, 27, 28, 29, 30, 31, 32, 33, 34, 35, 36, 37, 38, 39]
[0, 1, 2, 3, 4, 5, 6, 7, 8, 9, 10, 11, 12, 13, 14, 15, 16, 17, 18, 19, 20, 21, 22, 24, 25, 26, 27, 28, 29, 30, 31, 32, 33, 34, 35, 36, 37, 38, 39]
1
[0, 1, 2, 3, 4, 5, 6, 7, 8, 9, 10, 11, 12, 13, 14, 15, 16, 17, 18, 19, 20, 21, 23, 24, 25, 26, 27, 28, 29, 30, 31, 32, 33, 34, 35, 36, 37, 38, 39]
[0, 1, 2, 3, 4, 5, 6, 7, 8, 9, 10, 11, 12, 13, 14, 15, 16, 17, 18, 19, 20, 21, 23, 24, 25, 26, 27, 28, 29, 30, 31, 32, 33, 34, 35, 36, 37, 38, 39]
1
[0, 1, 2, 3, 4, 5, 6, 7, 8, 9, 10, 11, 12, 13, 14, 15, 16, 17, 18, 19, 20, 22, 23, 24, 25, 26, 27, 28, 29, 30, 31, 32, 33, 34, 35, 36, 37, 38, 39]
[0, 1, 2, 3, 4, 5, 6, 7, 8, 9, 10, 11, 12, 13, 14, 15, 16, 17, 18, 19, 20, 22, 23, 24, 25, 26, 27, 28, 29, 30, 31, 32, 33, 34, 35, 36, 37, 38, 39]
1
[0, 1, 2, 3, 4, 5, 6, 7, 8, 9, 10, 11, 12, 13, 14, 15, 16, 17, 18, 19, 21, 22, 23, 24, 25, 26, 27, 28, 29, 30, 31, 32, 33, 34, 35, 36, 37, 38, 39]
[0, 1, 2, 3, 4, 5, 6, 7, 8, 9, 10, 11, 12, 13, 14, 15, 16, 17, 18, 19, 21, 22, 23, 24, 25, 26, 27, 28, 29, 30, 31, 32, 33, 34, 35, 36, 37, 38, 39]
1
[0, 1, 2, 3, 4, 5, 6, 7, 8, 9, 10, 11, 12, 13, 14, 15, 16, 17, 18, 20, 21, 22, 23, 24, 25, 26, 27, 28, 29, 30, 31, 32, 33, 34, 35, 36, 37, 38, 39]
[0, 1, 2, 3, 4, 5, 6, 7, 8, 9, 10, 11, 12, 13, 14, 15, 16, 17, 18, 20, 21, 22, 23, 24, 25, 26, 27, 28, 29, 30, 31, 32, 33, 34, 35, 36, 37, 38, 39]
1
[0, 1, 2, 3, 4, 5, 6, 7, 8, 9, 10, 11, 12, 13, 14, 15, 16, 17, 19, 20, 21, 22, 23, 24, 25, 26, 27, 28, 29, 30, 31, 32, 33, 34, 35, 36, 37, 38, 39]
[0, 1, 2, 3, 4, 5, 6, 7, 8, 9, 10, 11, 12, 13, 14, 15, 16, 17, 19, 20, 21, 22, 23, 24, 25, 26, 27, 28, 29, 30, 31, 32, 33, 34, 35, 36, 37, 38, 39]
1
[0, 1, 2, 3, 4, 5, 6, 7, 8, 9, 10, 11, 12, 13, 14, 15, 16, 18, 19, 20, 21, 22, 23, 24, 25, 26, 27, 28, 29, 30, 31, 32, 33, 34, 35, 36, 37, 38, 39]
[0, 1, 2, 3, 4, 5, 6, 7, 8, 9, 10, 11, 12, 13, 14, 15, 16, 18, 19, 20, 21, 22, 23, 24, 25, 26, 27, 28, 29, 30, 31, 32, 33, 34, 35, 36, 37, 38, 39]
1
[0, 1, 2, 3, 4, 5, 6, 7, 8, 9, 10, 11, 12, 13, 14, 15, 17, 18, 19, 20, 21, 22, 23, 24, 25, 26, 27, 28, 29, 30, 31, 32, 33, 34, 35, 36, 37, 38, 39]
[0, 1, 2, 3, 4, 5, 6, 7, 8, 9, 10, 11, 12, 13, 14, 15, 17, 18, 19, 20, 21, 22, 23, 24, 25, 26, 27, 28, 29, 30, 31, 32, 33, 34, 35, 36, 37, 38, 39]
1
[0, 1, 2, 3, 4, 5, 6, 7, 8, 9, 10, 11, 12, 13, 14, 16, 17, 18, 19, 20, 21, 22, 23, 24, 25, 26, 27, 28, 29, 30, 31, 32, 33, 34, 35, 36, 37, 38, 39]
[0, 1, 2, 3, 4, 5, 6, 7, 8, 9, 10, 11, 12, 13, 14, 16, 17, 18, 19, 20, 21, 22, 23, 24, 25, 26, 27, 28, 29, 30, 31, 32, 33, 34, 35, 36, 37, 38, 39]
1
[0, 1, 2, 3, 4, 5, 6, 7, 8, 9, 10, 11, 12, 13, 15, 16, 17, 18, 19, 20, 21, 22, 23, 24, 25, 26, 27, 28, 29, 30, 31, 32, 33, 34, 35, 36, 37, 38, 39]
[0, 1, 2, 3, 4, 5, 6, 7, 8, 9, 10, 11, 12, 13, 15, 16, 17, 18, 19, 20, 21, 22, 23, 24, 25, 26, 27, 28, 29, 30, 31, 32, 33, 34, 35, 36, 37, 38, 39]
1
[0, 1, 2, 3, 4, 5, 6, 7, 8, 9, 10, 11, 12, 14, 15, 16, 17, 18, 19, 20, 21, 22, 23, 24, 25, 26, 27, 28, 29, 30, 31, 32, 33, 34, 35, 36, 37, 38, 39]
[0, 1, 2, 3, 4, 5, 6, 7, 8, 9, 10, 11, 12, 14, 15, 16, 17, 18, 19, 20, 21, 22, 23, 24, 25, 26, 27, 28, 29, 30, 31, 32, 33, 34, 35, 36, 37, 38, 39]
1
[0, 1, 2, 3, 4, 5, 6, 7, 8, 9, 10, 11, 13, 14, 15, 16, 17, 18, 19, 20, 21, 22, 23, 24, 25, 26, 27, 28, 29, 30, 31, 32, 33, 34, 35, 36, 37, 38, 39]
[0, 1, 2, 3, 4, 5, 6, 7, 8, 9, 10, 11, 13, 14, 15, 16, 17, 18, 19, 20, 21, 22, 23, 24, 25, 26, 27, 28, 29, 30, 31, 32, 33, 34, 35, 36, 37, 38, 39]
1
[0, 1, 2, 3, 4, 5, 6, 7, 8, 9, 10, 12, 13, 14, 15, 16, 17, 18, 19, 20, 21, 22, 23, 24, 25, 26, 27, 28, 29, 30, 31, 32, 33, 34, 35, 36, 37, 38, 39]
[0, 1, 2, 3, 4, 5, 6, 7, 8, 9, 10, 12, 13, 14, 15, 16, 17, 18, 19, 20, 21, 22, 23, 24, 25, 26, 27, 28, 29, 30, 31, 32, 33, 34, 35, 36, 37, 38, 39]
1
[0, 1, 2, 3, 4, 5, 6, 7, 8, 9, 11, 12, 13, 14, 15, 16, 17, 18, 19, 20, 21, 22, 23, 24, 25, 26, 27, 28, 29, 30, 31, 32, 33, 34, 35, 36, 37, 38, 39]
[0, 1, 2, 3, 4, 5, 6, 7, 8, 9, 11, 12, 13, 14, 15, 16, 17, 18, 19, 20, 21, 22, 23, 24, 25, 26, 27, 28, 29, 30, 31, 32, 33, 34, 35, 36, 37, 38, 39]
1
[0, 1, 2, 3, 4, 5, 6, 7, 8, 10, 11, 12, 13, 14, 15, 16, 17, 18, 19, 20, 21, 22, 23, 24, 25, 26, 27, 28, 29, 30, 31, 32, 33, 34, 35, 36, 37, 38, 39]
[0, 1, 2, 3, 4, 5, 6, 7, 8, 10, 11, 12, 13, 14, 15, 16, 17, 18, 19, 20, 21, 22, 23, 24, 25, 26, 27, 28, 29, 30, 31, 32, 33, 34, 35, 36, 37, 38, 39]
1
[0, 1, 2, 3, 4, 5, 6, 7, 9, 10, 11, 12, 13, 14, 15, 16, 17, 18, 19, 20, 21, 22, 23, 24, 25, 26, 27, 28, 29, 30, 31, 32, 33, 34, 35, 36, 37, 38, 39]
[0, 1, 2, 3, 4, 5, 6, 7, 9, 10, 11, 12, 13, 14, 15, 16, 17, 18, 19, 20, 21, 22, 23, 24, 25, 26, 27, 28, 29, 30, 31, 32, 33, 34, 35, 36, 37, 38, 39]
1
[0, 1, 2, 3, 4, 5, 6, 8, 9, 10, 11, 12, 13, 14, 15, 16, 17, 18, 19, 20, 21, 22, 23, 24, 25, 26, 27, 28, 29, 30, 31, 32, 33, 34, 35, 36, 37, 38, 39]
[0, 1, 2, 3, 4, 5, 6, 8, 9, 10, 11, 12, 13, 14, 15, 16, 17, 18, 19, 20, 21, 22, 23, 24, 25, 26, 27, 28, 29, 30, 31, 32, 33, 34, 35, 36, 37, 38, 39]
1
[0, 1, 2, 3, 4, 5, 7, 8, 9, 10, 11, 12, 13, 14, 15, 16, 17, 18, 19, 20, 21, 22, 23, 24, 25, 26, 27, 28, 29, 30, 31, 32, 33, 34, 35, 36, 37, 38, 39]
[0, 1, 2, 3, 4, 5, 7, 8, 9, 10, 11, 12, 13, 14, 15, 16, 17, 18, 19, 20, 21, 22, 23, 24, 25, 26, 27, 28, 29, 30, 31, 32, 33, 34, 35, 36, 37, 38, 39]
1
[0, 1, 2, 3, 4, 6, 7, 8, 9, 10, 11, 12, 13, 14, 15, 16, 17, 18, 19, 20, 21, 22, 23, 24, 25, 26, 27, 28, 29, 30, 31, 32, 33, 34, 35, 36, 37, 38, 39]
[0, 1, 2, 3, 4, 6, 7, 8, 9, 10, 11, 12, 13, 14, 15, 16, 17, 18, 19, 20, 21, 22, 23, 24, 25, 26, 27, 28, 29, 30, 31, 32, 33, 34, 35, 36, 37, 38, 39]
1
[0, 1, 2, 3, 5, 6, 7, 8, 9, 10, 11, 12, 13, 14, 15, 16, 17, 18, 19, 20, 21, 22, 23, 24, 25, 26, 27, 28, 29, 30, 31, 32, 33, 34, 35, 36, 37, 38, 39]
[0, 1, 2, 3, 5, 6, 7, 8, 9, 10, 11, 12, 13, 14, 15, 16, 17, 18, 19, 20, 21, 22, 23, 24, 25, 26, 27, 28, 29, 30, 31, 32, 33, 34, 35, 36, 37, 38, 39]
1
[0, 1, 2, 4, 5, 6, 7, 8, 9, 10, 11, 12, 13, 14, 15, 16, 17, 18, 19, 20, 21, 22, 23, 24, 25, 26, 27, 28, 29, 30, 31, 32, 33, 34, 35, 36, 37, 38, 39]
[0, 1, 2, 4, 5, 6, 7, 8, 9, 10, 11, 12, 13, 14, 15, 16, 17, 18, 19, 20, 21, 22, 23, 24, 25, 26, 27, 28, 29, 30, 31, 32, 33, 34, 35, 36, 37, 38, 39]
1
[0, 1, 3, 4, 5, 6, 7, 8, 9, 10, 11, 12, 13, 14, 15, 16, 17, 18, 19, 20, 21, 22, 23, 24, 25, 26, 27, 28, 29, 30, 31, 32, 33, 34, 35, 36, 37, 38, 39]
[0, 1, 3, 4, 5, 6, 7, 8, 9, 10, 11, 12, 13, 14, 15, 16, 17, 18, 19, 20, 21, 22, 23, 24, 25, 26, 27, 28, 29, 30, 31, 32, 33, 34, 35, 36, 37, 38, 39]
1
[0, 2, 3, 4, 5, 6, 7, 8, 9, 10, 11, 12, 13, 14, 15, 16, 17, 18, 19, 20, 21, 22, 23, 24, 25, 26, 27, 28, 29, 30, 31, 32, 33, 34, 35, 36, 37, 38, 39]
[0, 2, 3, 4, 5, 6, 7, 8, 9, 10, 11, 12, 13, 14, 15, 16, 17, 18, 19, 20, 21, 22, 23, 24, 25, 26, 27, 28, 29, 30, 31, 32, 33, 34, 35, 36, 37, 38, 39]
1
[1, 2, 3, 4, 5, 6, 7, 8, 9, 10, 11, 12, 13, 14, 15, 16, 17, 18, 19, 20, 21, 22, 23, 24, 25, 26, 27, 28, 29, 30, 31, 32, 33, 34, 35, 36, 37, 38, 39]
[1, 2, 3, 4, 5, 6, 7, 8, 9, 10, 11, 12, 13, 14, 15, 16, 17, 18, 19, 20, 21, 22, 23, 24, 25, 26, 27, 28, 29, 30, 31, 32, 33, 34, 35, 36, 37, 38, 39]

Extending category

1
id
[0, 1, 2, 3, 4, 5, 6, 7, 8, 9, 10, 11, 12, 13, 14, 15, 16, 17, 18, 19, 20, 21, 22, 23, 24, 25, 26, 27, 28, 29, 30, 31, 32, 33, 34, 35, 36, 37, 38, 39]

------------------------


incidence
. | . | G | T | G | G | A | T | C | G | A | T | G | A | 
. | 0 | 0 | 0 | 0 | 0 | 0 | 0 | 0 | 0 | 0 | 0 | 0 | 0 | 
A | 0 | 0 | 0 | 0 | 0 | 1 | 0 | 0 | 0 | 1 | 0 | 0 | 1 | 
G | 0 | 1 | 0 | 1 | 1 | 0 | 0 | 0 | 1 | 0 | 0 | 1 | 0 | 
C | 0 | 0 | 0 | 0 | 0 | 0 | 0 | 1 | 0 | 0 | 0 | 0 | 0 | 
T | 0 | 0 | 1 | 0 | 0 | 0 | 1 | 0 | 0 | 0 | 1 | 0 | 0 | 
A | 0 | 0 | 0 | 0 | 0 | 1 | 0 | 0 | 0 | 1 | 0 | 0 | 1 | 
G | 0 | 1 | 0 | 1 | 1 | 0 | 0 | 0 | 1 | 0 | 0 | 1 | 0 | 
C | 0 | 0 | 0 | 0 | 0 | 0 | 0 | 1 | 0 | 0 | 0 | 0 | 0 | 
T | 0 | 0 | 1 | 0 | 0 | 0 | 1 | 0 | 0 | 0 | 1 | 0 | 0 | 
G | 0 | 1 | 0 | 1 | 1 | 0 | 0 | 0 | 1 | 0 | 0 | 1 | 0 | 
A | 0 | 0 | 0 | 0 | 0 | 1 | 0 | 0 | 0 | 1 | 0 | 0 | 1 | 

fillout
. | . | G | T | G | G | A | T | C | G | A | T | G | A | 
. | 0 | 0 | 0 | 0 | 0 | 0 | 0 | 0 | 0 | 0 | 0 | 0 | 0 | 
A | 0 | 0 | 0 | 0 | 0 | 1 | 1 | 1 | 1 | 1 | 1 | 1 | 1 | 
G | 0 | 1 | 1 | 1 | 1 | 1 | 1 | 1 | 2 | 2 | 2 | 2 | 2 | 
C | 0 | 1 | 1 | 1 | 1 | 1 | 1 | 2 | 2 | 2 | 2 | 2 | 2 | 
T | 0 | 1 | 2 | 2 | 2 | 2 | 2 | 2 | 2 | 2 | 3 | 3 | 3 | 
A | 0 | 1 | 2 | 2 | 2 | 3 | 3 | 3 | 3 | 3 | 3 | 3 | 4 | 
G | 0 | 1 | 2 | 3 | 3 | 3 | 3 | 3 | 4 | 4 | 4 | 4 | 4 | 
C | 0 | 1 | 2 | 3 | 3 | 3 | 3 | 4 | 4 | 4 | 4 | 4 | 4 | 
T | 0 | 1 | 2 | 3 | 3 | 3 | 4 | 4 | 4 | 4 | 5 | 5 | 5 | 
G | 0 | 1 | 2 | 3 | 4 | 4 | 4 | 4 | 5 | 5 | 5 | 6 | 6 | 
A | 0 | 1 | 2 | 3 | 4 | 5 | 5 | 5 | 5 | 6 | 6 | 6 | 7 | 
>0:a:1
AGCTA-G--C--TGA
>0:b:1
-G-T-GGATCGATGA
>1:a:1
AGCT-AG--C--TGA
>1:b:1
-G-TG-GATCGATGA
>2:a:1
AGCTAG---C--TGA
>2:b:1
-G-T-GGATCGATGA
>3:a:1
AGCT--AG-C--TGA
>3:b:1
-G-TGGA-TCGATGA
>4:a:1
AGCT--A-GC--TGA
>4:b:1
-G-TGGAT-CGATGA
>5:a:1
AGCT--A--GC-TGA
>5:b:1
-G-TGGATCG-ATGA
>6:a:1
AGCT--A--G-CTGA
>6:b:1
-G-TGGATCGA-TGA

------------------------


Image

['a', 'b']
([91m[1mo[0m|[1mo[0m|[1mo[0m|[1mo[0m|[1mo[0m|[1mo[0m|[1mo[0m|[1mo[0m|[1mo[0m|[1mo[0m|[1mo[0m|[1mo[0m|[1mo[0m|[1mo[0m|[1mo[0m)
AGCTA-G--C--TGA
-G-T-GGATCGATGA

AGCT-AG--C--TGA
-G-TG-GATCGATGA

AGCTAG---C--TGA
-G-T-GGATCGATGA

AGCT--AG-C--TGA
-G-TGGA-TCGATGA

AGCT--A-GC--TGA
-G-TGGAT-CGATGA

AGCT--A--GC-TGA
-G-TGGATCG-ATGA

AGCT--A--G-CTGA
-G-TGGATCGA-TGA

